[00:00:00] [Server thread/INFO]: Saving the game (this may take a moment!)
[00:00:03] [Server thread/INFO]: Saved the game
[00:00:06] [Server thread/INFO]: LucianDragon2113 joined the game
[00:00:06] [Server thread/INFO]: LucianDragon2113[/99.170.162.146:49928] logged in with entity id 626 at ([Smorgasbord]999.9647574490074, 41.97289666351843, 524.110738389694)
[00:00:11] [Server thread/INFO]: CONSOLE issued server command: /give LucianDragon2113 cookie 1
[00:00:11] [Server thread/INFO]: Giving 1 of cookie to LucianDragon2113.
[00:00:16] [Async Chat Thread - #0/INFO]: [Konquest] KingdomOfAntioch | LucianDragon2113: the hell happened?
[00:00:26] [Async Chat Thread - #0/INFO]: [Konquest] KingdomOfAntioch | MasterXeonOfCali: You moved too fast again and blew up the java process.
[00:00:46] [Async Chat Thread - #0/INFO]: [Konquest] KingdomOfAntioch | LucianDragon2113: i was holding still working on my monument area
[00:01:15] [Async Chat Thread - #0/INFO]: [Konquest] KingdomOfAntioch | MasterXeonOfCali: Weird... It gave a similar error. I'll check the logs again, later to t-shoot.
[00:01:38] [Async Chat Thread - #0/INFO]: [Konquest] KingdomOfAntioch | LucianDragon2113: nathan was in the same area as me tp in and out of existence
[00:03:08] [Async Chat Thread - #1/INFO]: [Konquest] KingdomOfAntioch | LucianDragon2113: could that have caused a similar error?
[00:04:41] [Async Chat Thread - #2/INFO]: [Konquest] KingdomOfAntioch | MasterXeonOfCali: Possibly.
[00:06:28] [Async Chat Thread - #3/INFO]: [Konquest] KingdomOfAntioch | LucianDragon2113: oh, lovely
[00:06:42] [Server thread/INFO]: LucianDragon2113 issued server command: /k help
[00:07:07] [Server thread/INFO]: LucianDragon2113 issued server command: /k exile
[00:07:22] [Server thread/INFO]: LucianDragon2113 issued server command: /tp LucianDragon2113 LucianDragon2113
[00:07:27] [Server thread/INFO]: LucianDragon2113 issued server command: /k exile
[00:07:28] [Server thread/INFO]: [Konquest] The Kingdom of KingdomOfAntioch will be protected in 5:00 minutes.
[00:07:33] [Server thread/INFO]: LucianDragon2113 issued server command: /return
[00:07:56] [Async Chat Thread - #4/INFO]: [Konquest] Barbarians | LucianDragon2113: hopefully that worked
[00:08:02] [Async Chat Thread - #4/INFO]: [Konquest] Barbarians | LucianDragon2113: it did, okay
[00:19:34] [Async Chat Thread - #5/INFO]: [Konquest] Barbarians | LucianDragon2113: still there dad?
[00:20:48] [Server thread/INFO]: LucianDragon2113 issued server command: /k admin makekingdom UnterDammOshen
[00:21:06] [Server thread/INFO]: LucianDragon2113 issued server command: /k admin claim radius 5
[00:21:33] [Server thread/INFO]: LucianDragon2113 issued server command: /k admin monument UnterDammOshen create
[00:22:11] [Async Chat Thread - #6/INFO]: [Konquest] Barbarians | LucianDragon2113: woo i did it!
[00:22:49] [Server thread/INFO]: LucianDragon2113 issued server command: /k join UnterDammOshen
[00:22:49] [Server thread/INFO]: [Konquest] LucianDragon2113 has joined Kingdom UnterDammOshen
[00:30:00] [Server thread/INFO]: Saving the game (this may take a moment!)
[00:30:00] [Server thread/INFO]: Saved the game
[00:34:13] [Server thread/INFO]: MasterXeonOfCali lost connection: Disconnected
[00:34:13] [Server thread/INFO]: MasterXeonOfCali left the game
[00:51:12] [Server thread/INFO]: LucianDragon2113 issued server command: /k admin monument UnterDammOshen show
[00:51:43] [Server thread/INFO]: LucianDragon2113 issued server command: /k admin monument UnterDammOshen create
[00:52:19] [Server thread/INFO]: LucianDragon2113 issued server command: /k admin monument UnterDammOshen create
[00:52:50] [Server thread/INFO]: LucianDragon2113 issued server command: /k admin monument UnterDammOshen create
[00:52:54] [Server thread/INFO]: LucianDragon2113 issued server command: /k admin monument UnterDammOshen create
[00:53:49] [Server thread/INFO]: LucianDragon2113 issued server command: /k admin monument UnterDammOshen create
[00:54:09] [Server thread/INFO]: LucianDragon2113 issued server command: /k admin monument UnterDammOshen create
[00:58:36] [Server thread/INFO]: LucianDragon2113 lost connection: Disconnected
[00:58:36] [Server thread/INFO]: LucianDragon2113 left the game
[00:59:44] [Craft Scheduler Thread - 42 - QuickShop/INFO]: [QuickShop] A new version of QuickShop has been released! [127]
[00:59:44] [Craft Scheduler Thread - 42 - QuickShop/INFO]: [QuickShop] Update here: https://www.spigotmc.org/resources/62575/
[01:00:00] [Server thread/INFO]: Saving the game (this may take a moment!)
[01:00:00] [Server thread/INFO]: Saved the game
[01:30:00] [Server thread/INFO]: Saving the game (this may take a moment!)
[01:30:00] [Server thread/INFO]: Saved the game
[01:59:44] [Craft Scheduler Thread - 33 - QuickShop/INFO]: [QuickShop] A new version of QuickShop has been released! [127]
[01:59:44] [Craft Scheduler Thread - 33 - QuickShop/INFO]: [QuickShop] Update here: https://www.spigotmc.org/resources/62575/
[02:00:00] [Server thread/INFO]: Saving the game (this may take a moment!)
[02:00:00] [Server thread/INFO]: Saved the game
[02:30:00] [Server thread/INFO]: Saving the game (this may take a moment!)
[02:30:00] [Server thread/INFO]: Saved the game
[02:59:23] [Thread-12/INFO]: [CBP] [CBP] Checking for updates...
[02:59:45] [Craft Scheduler Thread - 33 - QuickShop/INFO]: [QuickShop] A new version of QuickShop has been released! [127]
[02:59:45] [Craft Scheduler Thread - 33 - QuickShop/INFO]: [QuickShop] Update here: https://www.spigotmc.org/resources/62575/
[03:00:00] [Server thread/INFO]: Saving the game (this may take a moment!)
[03:00:00] [Server thread/INFO]: Saved the game
[03:30:00] [Server thread/INFO]: Saving the game (this may take a moment!)
[03:30:00] [Server thread/INFO]: Saved the game
[03:59:44] [Craft Scheduler Thread - 53 - QuickShop/INFO]: [QuickShop] A new version of QuickShop has been released! [127]
[03:59:44] [Craft Scheduler Thread - 53 - QuickShop/INFO]: [QuickShop] Update here: https://www.spigotmc.org/resources/62575/
[04:00:00] [Server thread/INFO]: Saving the game (this may take a moment!)
[04:00:00] [Server thread/INFO]: Saved the game
[04:21:11] [User Authenticator #2/INFO]: UUID of player Onyxistent is 646bef0b-b92c-4960-91c0-01978ff53c6b
[04:21:11] [Server thread/INFO]: Onyxistent joined the game
[04:21:11] [Server thread/INFO]: Onyxistent[/68.4.206.156:63377] logged in with entity id 9082 at ([Smorgasbord]1250.9136693787877, 11.0, -3.684553129797788)
[04:21:16] [Server thread/INFO]: CONSOLE issued server command: /give Onyxistent cookie 1
[04:21:16] [Server thread/INFO]: Giving 1 of cookie to Onyxistent.
[04:30:00] [Server thread/INFO]: Saving the game (this may take a moment!)
[04:30:00] [Server thread/INFO]: Saved the game
[04:59:44] [Craft Scheduler Thread - 42 - PvPManager/INFO]: [PvPManager] Checking for updates...
[04:59:44] [Craft Scheduler Thread - 42 - PvPManager/INFO]: [PvPManager] No update found
[04:59:44] [Craft Scheduler Thread - 49 - QuickShop/INFO]: [QuickShop] A new version of QuickShop has been released! [127]
[04:59:44] [Craft Scheduler Thread - 49 - QuickShop/INFO]: [QuickShop] Update here: https://www.spigotmc.org/resources/62575/
[05:00:00] [Server thread/INFO]: Saving the game (this may take a moment!)
[05:00:00] [Server thread/INFO]: Saved the game
[05:21:30] [User Authenticator #3/INFO]: UUID of player MonkeyTamer79 is e31f61f0-3640-41b2-81e0-96904e9a9883
[05:21:30] [Server thread/INFO]: MonkeyTamer79 joined the game
[05:21:30] [Server thread/INFO]: MonkeyTamer79[/68.4.206.156:54132] logged in with entity id 11203 at ([Smorgasbord]183.52275312527357, 67.0, 561.3000000119209)
[05:21:35] [Server thread/INFO]: CONSOLE issued server command: /give MonkeyTamer79 cookie 1
[05:21:35] [Server thread/INFO]: Giving 1 of cookie to MonkeyTamer79.
[05:24:37] [Server thread/INFO]: MonkeyTamer79 lost connection: Disconnected
[05:24:37] [Server thread/INFO]: MonkeyTamer79 left the game
[05:30:00] [Server thread/INFO]: Saving the game (this may take a moment!)
[05:30:00] [Server thread/INFO]: Saved the game
[05:31:49] [User Authenticator #4/INFO]: UUID of player MonkeyTamer79 is e31f61f0-3640-41b2-81e0-96904e9a9883
[05:31:49] [Server thread/INFO]: MonkeyTamer79 joined the game
[05:31:49] [Server thread/INFO]: MonkeyTamer79[/68.4.206.156:64013] logged in with entity id 11851 at ([Smorgasbord]182.98217859456125, 61.0, 572.3946703482374)
[05:31:54] [Server thread/INFO]: CONSOLE issued server command: /give MonkeyTamer79 cookie 1
[05:31:54] [Server thread/INFO]: Giving 1 of cookie to MonkeyTamer79.
[05:31:56] [Async Chat Thread - #7/INFO]: [Konquest] Barbarians | Onyxistent: yo
[05:32:13] [Async Chat Thread - #7/INFO]: [Konquest] KingdomOfAntioch | MonkeyTamer79: yo. changed skin
[05:32:24] [Async Chat Thread - #7/INFO]: [Konquest] Barbarians | Onyxistent: nicee
[05:37:21] [Server thread/INFO]: MonkeyTamer79 issued server command: /time set
[05:37:28] [Server thread/INFO]: MonkeyTamer79 issued server command: /time set noon
[05:37:45] [Async Chat Thread - #8/INFO]: [Konquest] KingdomOfAntioch | MonkeyTamer79: I'm on a boat!
[05:54:33] [Async Chat Thread - #9/INFO]: [Konquest] Barbarians | Onyxistent: ooh boat XD
[05:59:23] [Thread-12/INFO]: [CBP] [CBP] Checking for updates...
[05:59:44] [Craft Scheduler Thread - 63 - Vault/INFO]: [Vault] Checking for Updates ... 
[05:59:44] [Craft Scheduler Thread - 63 - Vault/INFO]: [Vault] No new version available
[05:59:45] [Craft Scheduler Thread - 59 - QuickShop/INFO]: [QuickShop] Failed to check for an update on build server! It might be an internet issue or the build server host is down. If you want disable the update checker, you can disable in config.yml, but we still high-recommend check for updates on SpigotMC.org often, Error: Did not get expected response code, got 404 for https://ci.codemc.io/job/Ghost-chu/job/QuickShop-Reremake/lastSuccessfulBuild/artifact/target/BUILDINFO
[06:00:00] [Server thread/INFO]: Saving the game (this may take a moment!)
[06:00:00] [Server thread/INFO]: Saved the game
[06:04:41] [Async Chat Thread - #10/INFO]: [Konquest] KingdomOfAntioch | MonkeyTamer79: yep... water is still wet
[06:24:47] [Server thread/INFO]: Onyxistent has made the advancement [Hot Stuff]
[06:30:00] [Server thread/INFO]: Saving the game (this may take a moment!)
[06:30:00] [Server thread/INFO]: Saved the game
[06:34:58] [Server thread/INFO]: MonkeyTamer79 lost connection: Disconnected
[06:34:58] [Server thread/INFO]: MonkeyTamer79 left the game
[06:59:45] [Craft Scheduler Thread - 63 - QuickShop/INFO]: [QuickShop] Failed to check for an update on build server! It might be an internet issue or the build server host is down. If you want disable the update checker, you can disable in config.yml, but we still high-recommend check for updates on SpigotMC.org often, Error: Did not get expected response code, got 404 for https://ci.codemc.io/job/Ghost-chu/job/QuickShop-Reremake/lastSuccessfulBuild/artifact/target/BUILDINFO
[07:00:00] [Server thread/INFO]: Saving the game (this may take a moment!)
[07:00:00] [Server thread/INFO]: Saved the game
[07:30:00] [Server thread/INFO]: Saving the game (this may take a moment!)
[07:30:00] [Server thread/INFO]: Saved the game
[07:32:11] [Server thread/INFO]: Onyxistent lost connection: Disconnected
[07:32:11] [Server thread/INFO]: Onyxistent left the game
[07:59:45] [Craft Scheduler Thread - 76 - QuickShop/INFO]: [QuickShop] Failed to check for an update on build server! It might be an internet issue or the build server host is down. If you want disable the update checker, you can disable in config.yml, but we still high-recommend check for updates on SpigotMC.org often, Error: Did not get expected response code, got 404 for https://ci.codemc.io/job/Ghost-chu/job/QuickShop-Reremake/lastSuccessfulBuild/artifact/target/BUILDINFO
[08:00:00] [Server thread/INFO]: Saving the game (this may take a moment!)
[08:00:00] [Server thread/INFO]: Saved the game
[08:30:00] [Server thread/INFO]: Saving the game (this may take a moment!)
[08:30:00] [Server thread/INFO]: Saved the game
[08:59:23] [Thread-12/INFO]: [CBP] [CBP] Checking for updates...
[08:59:44] [Craft Scheduler Thread - 76 - QuickShop/INFO]: [QuickShop] Failed to check for an update on build server! It might be an internet issue or the build server host is down. If you want disable the update checker, you can disable in config.yml, but we still high-recommend check for updates on SpigotMC.org often, Error: Did not get expected response code, got 404 for https://ci.codemc.io/job/Ghost-chu/job/QuickShop-Reremake/lastSuccessfulBuild/artifact/target/BUILDINFO
[09:00:00] [Server thread/INFO]: Saving the game (this may take a moment!)
[09:00:00] [Server thread/INFO]: Saved the game
[09:30:00] [Server thread/INFO]: Saving the game (this may take a moment!)
[09:30:00] [Server thread/INFO]: Saved the game
[09:59:44] [Craft Scheduler Thread - 76 - PvPManager/INFO]: [PvPManager] Checking for updates...
[09:59:44] [Craft Scheduler Thread - 65 - QuickShop/INFO]: [QuickShop] Failed to check for an update on build server! It might be an internet issue or the build server host is down. If you want disable the update checker, you can disable in config.yml, but we still high-recommend check for updates on SpigotMC.org often, Error: Did not get expected response code, got 404 for https://ci.codemc.io/job/Ghost-chu/job/QuickShop-Reremake/lastSuccessfulBuild/artifact/target/BUILDINFO
[09:59:44] [Craft Scheduler Thread - 76 - PvPManager/INFO]: [PvPManager] No update found
[10:00:00] [Server thread/INFO]: Saving the game (this may take a moment!)
[10:00:00] [Server thread/INFO]: Saved the game
[10:30:00] [Server thread/INFO]: Saving the game (this may take a moment!)
[10:30:00] [Server thread/INFO]: Saved the game
[10:42:23] [User Authenticator #5/INFO]: UUID of player MonkeyTamer79 is e31f61f0-3640-41b2-81e0-96904e9a9883
[10:42:23] [Server thread/INFO]: MonkeyTamer79 joined the game
[10:42:23] [Server thread/INFO]: MonkeyTamer79[/68.4.206.156:57021] logged in with entity id 24098 at ([Smorgasbord]-22.915555549759453, 78.0, 184.22338119365983)
[10:42:28] [Server thread/INFO]: CONSOLE issued server command: /give MonkeyTamer79 cookie 1
[10:42:28] [Server thread/INFO]: Giving 1 of cookie to MonkeyTamer79.
[10:59:23] [Server thread/WARN]: Can't keep up! Is the server overloaded? Running 8023ms or 160 ticks behind
[10:59:52] [Craft Scheduler Thread - 86 - QuickShop/INFO]: [QuickShop] Failed to check for an update on build server! It might be an internet issue or the build server host is down. If you want disable the update checker, you can disable in config.yml, but we still high-recommend check for updates on SpigotMC.org often, Error: Did not get expected response code, got 404 for https://ci.codemc.io/job/Ghost-chu/job/QuickShop-Reremake/lastSuccessfulBuild/artifact/target/BUILDINFO
[11:00:00] [Server thread/INFO]: Saving the game (this may take a moment!)
[11:00:01] [Server thread/INFO]: Saved the game
[11:16:22] [Server thread/INFO]: MonkeyTamer79 lost connection: Disconnected
[11:16:22] [Server thread/INFO]: MonkeyTamer79 left the game
[11:30:00] [Server thread/INFO]: Saving the game (this may take a moment!)
[11:30:00] [Server thread/INFO]: Saved the game
[11:59:23] [Thread-12/INFO]: [CBP] [CBP] Checking for updates...
[11:59:52] [Craft Scheduler Thread - 91 - Vault/INFO]: [Vault] Checking for Updates ... 
[11:59:52] [Craft Scheduler Thread - 91 - Vault/INFO]: [Vault] No new version available
[11:59:53] [Craft Scheduler Thread - 85 - QuickShop/INFO]: [QuickShop] Failed to check for an update on build server! It might be an internet issue or the build server host is down. If you want disable the update checker, you can disable in config.yml, but we still high-recommend check for updates on SpigotMC.org often, Error: Did not get expected response code, got 404 for https://ci.codemc.io/job/Ghost-chu/job/QuickShop-Reremake/lastSuccessfulBuild/artifact/target/BUILDINFO
[12:00:00] [Server thread/INFO]: Saving the game (this may take a moment!)
[12:00:00] [Server thread/INFO]: Saved the game
[12:30:00] [Server thread/INFO]: Saving the game (this may take a moment!)
[12:30:00] [Server thread/INFO]: Saved the game
[12:59:53] [Craft Scheduler Thread - 91 - QuickShop/INFO]: [QuickShop] Failed to check for an update on build server! It might be an internet issue or the build server host is down. If you want disable the update checker, you can disable in config.yml, but we still high-recommend check for updates on SpigotMC.org often, Error: Did not get expected response code, got 404 for https://ci.codemc.io/job/Ghost-chu/job/QuickShop-Reremake/lastSuccessfulBuild/artifact/target/BUILDINFO
[13:00:00] [Server thread/INFO]: Saving the game (this may take a moment!)
[13:00:00] [Server thread/INFO]: Saved the game
[13:30:00] [Server thread/INFO]: Saving the game (this may take a moment!)
[13:30:00] [Server thread/INFO]: Saved the game
[13:59:52] [Craft Scheduler Thread - 94 - QuickShop/INFO]: [QuickShop] Failed to check for an update on build server! It might be an internet issue or the build server host is down. If you want disable the update checker, you can disable in config.yml, but we still high-recommend check for updates on SpigotMC.org often, Error: Did not get expected response code, got 404 for https://ci.codemc.io/job/Ghost-chu/job/QuickShop-Reremake/lastSuccessfulBuild/artifact/target/BUILDINFO
[14:00:00] [Server thread/INFO]: Saving the game (this may take a moment!)
[14:00:00] [Server thread/INFO]: Saved the game
[14:29:41] [JDA MainWS-ReadThread/WARN]: [net.essentialsx.dep.net.dv8tion.jda.internal.requests.WebSocketClient] Got disconnected from WebSocket (Code 1000). Appending to reconnect queue
[14:29:43] [JDA MainWS-ReadThread/INFO]: [net.essentialsx.dep.net.dv8tion.jda.internal.requests.WebSocketClient] Connected to WebSocket
[14:29:43] [JDA MainWS-WriteThread/ERROR]: [net.essentialsx.dep.net.dv8tion.jda.internal.requests.WebSocketClient] WebSocket connection was closed and cannot be recovered due to identification issues
CloseCode(4004 / The account token sent with your identify payload is incorrect.)
[14:30:00] [Server thread/INFO]: Saving the game (this may take a moment!)
[14:30:00] [Server thread/INFO]: Saved the game
[14:59:23] [Thread-12/INFO]: [CBP] [CBP] Checking for updates...
[14:59:52] [Craft Scheduler Thread - 90 - PvPManager/INFO]: [PvPManager] Checking for updates...
[14:59:52] [Craft Scheduler Thread - 90 - PvPManager/INFO]: [PvPManager] No update found
[14:59:53] [Craft Scheduler Thread - 92 - QuickShop/INFO]: [QuickShop] Failed to check for an update on build server! It might be an internet issue or the build server host is down. If you want disable the update checker, you can disable in config.yml, but we still high-recommend check for updates on SpigotMC.org often, Error: Did not get expected response code, got 404 for https://ci.codemc.io/job/Ghost-chu/job/QuickShop-Reremake/lastSuccessfulBuild/artifact/target/BUILDINFO
[15:00:00] [Server thread/INFO]: Saving the game (this may take a moment!)
[15:00:00] [Server thread/INFO]: Saved the game
[15:30:00] [Server thread/INFO]: Saving the game (this may take a moment!)
[15:30:00] [Server thread/INFO]: Saved the game
[15:59:52] [Craft Scheduler Thread - 94 - QuickShop/INFO]: [QuickShop] Failed to check for an update on build server! It might be an internet issue or the build server host is down. If you want disable the update checker, you can disable in config.yml, but we still high-recommend check for updates on SpigotMC.org often, Error: Did not get expected response code, got 404 for https://ci.codemc.io/job/Ghost-chu/job/QuickShop-Reremake/lastSuccessfulBuild/artifact/target/BUILDINFO
[16:00:00] [Server thread/INFO]: Saving the game (this may take a moment!)
[16:00:00] [Server thread/INFO]: Saved the game
[16:30:00] [Server thread/INFO]: Saving the game (this may take a moment!)
[16:30:00] [Server thread/INFO]: Saved the game
[16:43:27] [User Authenticator #6/INFO]: UUID of player nate_4000 is aa0e41ff-7c06-4c0f-b282-6a128bfc6a6c
[16:43:27] [Server thread/INFO]: nate_4000 joined the game
[16:43:27] [Server thread/INFO]: nate_4000[/68.4.206.156:58551] logged in with entity id 31653 at ([Smorgasbord]1000.7089637825168, 42.72530628504197, 524.8114883584299)
[16:43:27] [Server thread/ERROR]: Could not pass event DiscordMessageEvent to EssentialsDiscord v2.19.2
java.util.concurrent.RejectedExecutionException: The Requester has been stopped! No new requests can be requested!
	at net.essentialsx.dep.net.dv8tion.jda.internal.requests.Requester.request(Requester.java:107) ~[EssentialsXDiscord-2.19.2.jar:?]
	at net.essentialsx.dep.net.dv8tion.jda.internal.requests.RestActionImpl.queue(RestActionImpl.java:197) ~[EssentialsXDiscord-2.19.2.jar:?]
	at net.essentialsx.dep.net.dv8tion.jda.api.requests.RestAction.queue(RestAction.java:573) ~[EssentialsXDiscord-2.19.2.jar:?]
	at net.essentialsx.dep.net.dv8tion.jda.api.requests.RestAction.queue(RestAction.java:539) ~[EssentialsXDiscord-2.19.2.jar:?]
	at net.essentialsx.discord.JDADiscordService.sendMessage(JDADiscordService.java:146) ~[EssentialsXDiscord-2.19.2.jar:?]
	at net.essentialsx.discord.listeners.BukkitListener.onDiscordMessage(BukkitListener.java:47) ~[EssentialsXDiscord-2.19.2.jar:?]
	at com.destroystokyo.paper.event.executor.asm.generated.GeneratedEventExecutor377.execute(Unknown Source) ~[?:?]
	at org.bukkit.plugin.EventExecutor.lambda$create$1(EventExecutor.java:75) ~[paper-api-1.18.1-R0.1-SNAPSHOT.jar:?]
	at co.aikar.timings.TimedEventExecutor.execute(TimedEventExecutor.java:80) ~[paper-api-1.18.1-R0.1-SNAPSHOT.jar:git-Paper-197]
	at org.bukkit.plugin.RegisteredListener.callEvent(RegisteredListener.java:70) ~[paper-api-1.18.1-R0.1-SNAPSHOT.jar:?]
	at org.bukkit.plugin.SimplePluginManager.callEvent(SimplePluginManager.java:629) ~[paper-api-1.18.1-R0.1-SNAPSHOT.jar:?]
	at net.essentialsx.discord.util.DiscordUtil.lambda$dispatchDiscordMessage$3(DiscordUtil.java:218) ~[EssentialsXDiscord-2.19.2.jar:?]
	at org.bukkit.craftbukkit.v1_18_R1.scheduler.CraftTask.run(CraftTask.java:101) ~[paper-1.18.1.jar:git-Paper-197]
	at org.bukkit.craftbukkit.v1_18_R1.scheduler.CraftScheduler.mainThreadHeartbeat(CraftScheduler.java:483) ~[paper-1.18.1.jar:git-Paper-197]
	at net.minecraft.server.MinecraftServer.tickChildren(MinecraftServer.java:1547) ~[paper-1.18.1.jar:git-Paper-197]
	at net.minecraft.server.dedicated.DedicatedServer.tickChildren(DedicatedServer.java:480) ~[paper-1.18.1.jar:git-Paper-197]
	at net.minecraft.server.MinecraftServer.tickServer(MinecraftServer.java:1470) ~[paper-1.18.1.jar:git-Paper-197]
	at net.minecraft.server.MinecraftServer.runServer(MinecraftServer.java:1264) ~[paper-1.18.1.jar:git-Paper-197]
	at net.minecraft.server.MinecraftServer.lambda$spin$0(MinecraftServer.java:317) ~[paper-1.18.1.jar:git-Paper-197]
	at java.lang.Thread.run(Thread.java:833) ~[?:?]
[16:43:27] [Craft Scheduler Thread - 92 - QuickShop/INFO]: [QuickShop] Failed to check for an update on build server! It might be an internet issue or the build server host is down. If you want disable the update checker, you can disable in config.yml, but we still high-recommend check for updates on SpigotMC.org often, Error: Did not get expected response code, got 404 for https://ci.codemc.io/job/Ghost-chu/job/QuickShop-Reremake/lastSuccessfulBuild/artifact/target/BUILDINFO
[16:43:32] [Server thread/INFO]: CONSOLE issued server command: /give nate_4000 cookie 1
[16:43:32] [Server thread/INFO]: Giving 1 of cookie to nate_4000.
[16:44:21] [Server thread/INFO]: nate_4000 issued server command: /ess reload
[16:44:22] [Server thread/INFO]: [Essentials] Loaded 36929 items from items.json.
[16:44:22] [Server thread/INFO]: [Essentials] Using locale en_US
[16:44:22] [Server thread/INFO]: [Essentials] ServerListPingEvent: Spigot iterator API
[16:45:02] [Server thread/INFO]: nate_4000 issued server command: /k admin travel KingdomOfAntioch
[16:45:09] [Server thread/INFO]: nate_4000 issued server command: /k admin bypass
[16:45:11] [Server thread/INFO]: nate_4000 issued server command: /k admin travel KingdomOfAntioch
[16:45:19] [Server thread/INFO]: nate_4000 issued server command: /title @s clear
[16:45:19] [Server thread/INFO]: [nate_4000: Cleared titles for nate_4000]
[16:45:59] [Server thread/INFO]: nate_4000 issued server command: /gamemode spectator
[16:46:01] [Server thread/INFO]: nate_4000 issued server command: /gamemode creative
[16:46:04] [Server thread/INFO]: nate_4000 issued server command: /k admin bypass
[16:46:05] [Server thread/INFO]: nate_4000 issued server command: /k admin bypass
[16:46:10] [Server thread/INFO]: nate_4000 issued server command: /gamemode spectator
[16:46:15] [Server thread/INFO]: nate_4000 issued server command: /gamemode creative
[16:59:52] [Craft Scheduler Thread - 101 - QuickShop/INFO]: [QuickShop] Failed to check for an update on build server! It might be an internet issue or the build server host is down. If you want disable the update checker, you can disable in config.yml, but we still high-recommend check for updates on SpigotMC.org often, Error: Did not get expected response code, got 404 for https://ci.codemc.io/job/Ghost-chu/job/QuickShop-Reremake/lastSuccessfulBuild/artifact/target/BUILDINFO
[17:00:00] [Server thread/INFO]: Saving the game (this may take a moment!)
[17:00:00] [Server thread/INFO]: Saved the game
[17:04:04] [Server thread/INFO]: nate_4000 lost connection: Timed out
[17:04:04] [Server thread/ERROR]: Could not pass event DiscordMessageEvent to EssentialsDiscord v2.19.2
java.util.concurrent.RejectedExecutionException: The Requester has been stopped! No new requests can be requested!
	at net.essentialsx.dep.net.dv8tion.jda.internal.requests.Requester.request(Requester.java:107) ~[EssentialsXDiscord-2.19.2.jar:?]
	at net.essentialsx.dep.net.dv8tion.jda.internal.requests.RestActionImpl.queue(RestActionImpl.java:197) ~[EssentialsXDiscord-2.19.2.jar:?]
	at net.essentialsx.dep.net.dv8tion.jda.api.requests.RestAction.queue(RestAction.java:573) ~[EssentialsXDiscord-2.19.2.jar:?]
	at net.essentialsx.dep.net.dv8tion.jda.api.requests.RestAction.queue(RestAction.java:539) ~[EssentialsXDiscord-2.19.2.jar:?]
	at net.essentialsx.discord.JDADiscordService.sendMessage(JDADiscordService.java:146) ~[EssentialsXDiscord-2.19.2.jar:?]
	at net.essentialsx.discord.listeners.BukkitListener.onDiscordMessage(BukkitListener.java:47) ~[EssentialsXDiscord-2.19.2.jar:?]
	at com.destroystokyo.paper.event.executor.asm.generated.GeneratedEventExecutor377.execute(Unknown Source) ~[?:?]
	at org.bukkit.plugin.EventExecutor.lambda$create$1(EventExecutor.java:75) ~[paper-api-1.18.1-R0.1-SNAPSHOT.jar:?]
	at co.aikar.timings.TimedEventExecutor.execute(TimedEventExecutor.java:80) ~[paper-api-1.18.1-R0.1-SNAPSHOT.jar:git-Paper-197]
	at org.bukkit.plugin.RegisteredListener.callEvent(RegisteredListener.java:70) ~[paper-api-1.18.1-R0.1-SNAPSHOT.jar:?]
	at org.bukkit.plugin.SimplePluginManager.callEvent(SimplePluginManager.java:629) ~[paper-api-1.18.1-R0.1-SNAPSHOT.jar:?]
	at net.essentialsx.discord.util.DiscordUtil.dispatchDiscordMessage(DiscordUtil.java:216) ~[EssentialsXDiscord-2.19.2.jar:?]
	at net.essentialsx.discord.listeners.BukkitListener.sendDiscordMessage(BukkitListener.java:263) ~[EssentialsXDiscord-2.19.2.jar:?]
	at net.essentialsx.discord.listeners.BukkitListener.sendJoinQuitMessage(BukkitListener.java:134) ~[EssentialsXDiscord-2.19.2.jar:?]
	at net.essentialsx.discord.listeners.BukkitListener.onQuit(BukkitListener.java:109) ~[EssentialsXDiscord-2.19.2.jar:?]
	at com.destroystokyo.paper.event.executor.asm.generated.GeneratedEventExecutor373.execute(Unknown Source) ~[?:?]
	at org.bukkit.plugin.EventExecutor.lambda$create$1(EventExecutor.java:75) ~[paper-api-1.18.1-R0.1-SNAPSHOT.jar:?]
	at co.aikar.timings.TimedEventExecutor.execute(TimedEventExecutor.java:80) ~[paper-api-1.18.1-R0.1-SNAPSHOT.jar:git-Paper-197]
	at org.bukkit.plugin.RegisteredListener.callEvent(RegisteredListener.java:70) ~[paper-api-1.18.1-R0.1-SNAPSHOT.jar:?]
	at org.bukkit.plugin.SimplePluginManager.callEvent(SimplePluginManager.java:629) ~[paper-api-1.18.1-R0.1-SNAPSHOT.jar:?]
	at net.minecraft.server.players.PlayerList.remove(PlayerList.java:610) ~[paper-1.18.1.jar:git-Paper-197]
	at net.minecraft.server.players.PlayerList.remove(PlayerList.java:595) ~[paper-1.18.1.jar:git-Paper-197]
	at net.minecraft.server.network.ServerGamePacketListenerImpl.onDisconnect(ServerGamePacketListenerImpl.java:1992) ~[?:?]
	at net.minecraft.server.network.ServerGamePacketListenerImpl.onDisconnect(ServerGamePacketListenerImpl.java:1972) ~[?:?]
	at net.minecraft.network.Connection.handleDisconnection(Connection.java:712) ~[?:?]
	at net.minecraft.server.network.ServerConnectionListener.tick(ServerConnectionListener.java:221) ~[?:?]
	at net.minecraft.server.MinecraftServer.tickChildren(MinecraftServer.java:1636) ~[paper-1.18.1.jar:git-Paper-197]
	at net.minecraft.server.dedicated.DedicatedServer.tickChildren(DedicatedServer.java:480) ~[paper-1.18.1.jar:git-Paper-197]
	at net.minecraft.server.MinecraftServer.tickServer(MinecraftServer.java:1470) ~[paper-1.18.1.jar:git-Paper-197]
	at net.minecraft.server.MinecraftServer.runServer(MinecraftServer.java:1264) ~[paper-1.18.1.jar:git-Paper-197]
	at net.minecraft.server.MinecraftServer.lambda$spin$0(MinecraftServer.java:317) ~[paper-1.18.1.jar:git-Paper-197]
	at java.lang.Thread.run(Thread.java:833) ~[?:?]
[17:04:04] [Server thread/INFO]: nate_4000 left the game
[17:04:04] [Craft Scheduler Thread - 96 - QuickShop/INFO]: [QuickShop] Failed to check for an update on build server! It might be an internet issue or the build server host is down. If you want disable the update checker, you can disable in config.yml, but we still high-recommend check for updates on SpigotMC.org often, Error: Did not get expected response code, got 404 for https://ci.codemc.io/job/Ghost-chu/job/QuickShop-Reremake/lastSuccessfulBuild/artifact/target/BUILDINFO
[17:13:16] [User Authenticator #7/INFO]: UUID of player thebluehuntsman is 362b43a0-9ba1-4ded-868b-c4d518d7db8f
[17:13:16] [Server thread/INFO]: thebluehuntsman joined the game
[17:13:16] [Server thread/INFO]: thebluehuntsman[/68.4.206.156:51076] logged in with entity id 33667 at ([Smorgasbord]1127.5428787838964, 80.0, -26.403212591628805)
[17:13:17] [Server thread/ERROR]: Could not pass event DiscordMessageEvent to EssentialsDiscord v2.19.2
java.util.concurrent.RejectedExecutionException: The Requester has been stopped! No new requests can be requested!
	at net.essentialsx.dep.net.dv8tion.jda.internal.requests.Requester.request(Requester.java:107) ~[EssentialsXDiscord-2.19.2.jar:?]
	at net.essentialsx.dep.net.dv8tion.jda.internal.requests.RestActionImpl.queue(RestActionImpl.java:197) ~[EssentialsXDiscord-2.19.2.jar:?]
	at net.essentialsx.dep.net.dv8tion.jda.api.requests.RestAction.queue(RestAction.java:573) ~[EssentialsXDiscord-2.19.2.jar:?]
	at net.essentialsx.dep.net.dv8tion.jda.api.requests.RestAction.queue(RestAction.java:539) ~[EssentialsXDiscord-2.19.2.jar:?]
	at net.essentialsx.discord.JDADiscordService.sendMessage(JDADiscordService.java:146) ~[EssentialsXDiscord-2.19.2.jar:?]
	at net.essentialsx.discord.listeners.BukkitListener.onDiscordMessage(BukkitListener.java:47) ~[EssentialsXDiscord-2.19.2.jar:?]
	at com.destroystokyo.paper.event.executor.asm.generated.GeneratedEventExecutor377.execute(Unknown Source) ~[?:?]
	at org.bukkit.plugin.EventExecutor.lambda$create$1(EventExecutor.java:75) ~[paper-api-1.18.1-R0.1-SNAPSHOT.jar:?]
	at co.aikar.timings.TimedEventExecutor.execute(TimedEventExecutor.java:80) ~[paper-api-1.18.1-R0.1-SNAPSHOT.jar:git-Paper-197]
	at org.bukkit.plugin.RegisteredListener.callEvent(RegisteredListener.java:70) ~[paper-api-1.18.1-R0.1-SNAPSHOT.jar:?]
	at org.bukkit.plugin.SimplePluginManager.callEvent(SimplePluginManager.java:629) ~[paper-api-1.18.1-R0.1-SNAPSHOT.jar:?]
	at net.essentialsx.discord.util.DiscordUtil.lambda$dispatchDiscordMessage$3(DiscordUtil.java:218) ~[EssentialsXDiscord-2.19.2.jar:?]
	at org.bukkit.craftbukkit.v1_18_R1.scheduler.CraftTask.run(CraftTask.java:101) ~[paper-1.18.1.jar:git-Paper-197]
	at org.bukkit.craftbukkit.v1_18_R1.scheduler.CraftScheduler.mainThreadHeartbeat(CraftScheduler.java:483) ~[paper-1.18.1.jar:git-Paper-197]
	at net.minecraft.server.MinecraftServer.tickChildren(MinecraftServer.java:1547) ~[paper-1.18.1.jar:git-Paper-197]
	at net.minecraft.server.dedicated.DedicatedServer.tickChildren(DedicatedServer.java:480) ~[paper-1.18.1.jar:git-Paper-197]
	at net.minecraft.server.MinecraftServer.tickServer(MinecraftServer.java:1470) ~[paper-1.18.1.jar:git-Paper-197]
	at net.minecraft.server.MinecraftServer.runServer(MinecraftServer.java:1264) ~[paper-1.18.1.jar:git-Paper-197]
	at net.minecraft.server.MinecraftServer.lambda$spin$0(MinecraftServer.java:317) ~[paper-1.18.1.jar:git-Paper-197]
	at java.lang.Thread.run(Thread.java:833) ~[?:?]
[17:13:17] [Craft Scheduler Thread - 100 - QuickShop/INFO]: [QuickShop] Failed to check for an update on build server! It might be an internet issue or the build server host is down. If you want disable the update checker, you can disable in config.yml, but we still high-recommend check for updates on SpigotMC.org often, Error: Did not get expected response code, got 404 for https://ci.codemc.io/job/Ghost-chu/job/QuickShop-Reremake/lastSuccessfulBuild/artifact/target/BUILDINFO
[17:13:21] [Server thread/INFO]: CONSOLE issued server command: /give thebluehuntsman cookie 1
[17:13:21] [Server thread/INFO]: Giving 1 of cookie to thebluehuntsman.
[17:15:40] [User Authenticator #8/INFO]: UUID of player nate_4000 is aa0e41ff-7c06-4c0f-b282-6a128bfc6a6c
[17:15:40] [Server thread/INFO]: nate_4000 joined the game
[17:15:40] [Server thread/INFO]: nate_4000[/68.4.206.156:58367] logged in with entity id 33943 at ([Smorgasbord]38.69999998807907, 56.0, 173.30000001192093)
[17:15:40] [Server thread/ERROR]: Could not pass event DiscordMessageEvent to EssentialsDiscord v2.19.2
java.util.concurrent.RejectedExecutionException: The Requester has been stopped! No new requests can be requested!
	at net.essentialsx.dep.net.dv8tion.jda.internal.requests.Requester.request(Requester.java:107) ~[EssentialsXDiscord-2.19.2.jar:?]
	at net.essentialsx.dep.net.dv8tion.jda.internal.requests.RestActionImpl.queue(RestActionImpl.java:197) ~[EssentialsXDiscord-2.19.2.jar:?]
	at net.essentialsx.dep.net.dv8tion.jda.api.requests.RestAction.queue(RestAction.java:573) ~[EssentialsXDiscord-2.19.2.jar:?]
	at net.essentialsx.dep.net.dv8tion.jda.api.requests.RestAction.queue(RestAction.java:539) ~[EssentialsXDiscord-2.19.2.jar:?]
	at net.essentialsx.discord.JDADiscordService.sendMessage(JDADiscordService.java:146) ~[EssentialsXDiscord-2.19.2.jar:?]
	at net.essentialsx.discord.listeners.BukkitListener.onDiscordMessage(BukkitListener.java:47) ~[EssentialsXDiscord-2.19.2.jar:?]
	at com.destroystokyo.paper.event.executor.asm.generated.GeneratedEventExecutor377.execute(Unknown Source) ~[?:?]
	at org.bukkit.plugin.EventExecutor.lambda$create$1(EventExecutor.java:75) ~[paper-api-1.18.1-R0.1-SNAPSHOT.jar:?]
	at co.aikar.timings.TimedEventExecutor.execute(TimedEventExecutor.java:80) ~[paper-api-1.18.1-R0.1-SNAPSHOT.jar:git-Paper-197]
	at org.bukkit.plugin.RegisteredListener.callEvent(RegisteredListener.java:70) ~[paper-api-1.18.1-R0.1-SNAPSHOT.jar:?]
	at org.bukkit.plugin.SimplePluginManager.callEvent(SimplePluginManager.java:629) ~[paper-api-1.18.1-R0.1-SNAPSHOT.jar:?]
	at net.essentialsx.discord.util.DiscordUtil.lambda$dispatchDiscordMessage$3(DiscordUtil.java:218) ~[EssentialsXDiscord-2.19.2.jar:?]
	at org.bukkit.craftbukkit.v1_18_R1.scheduler.CraftTask.run(CraftTask.java:101) ~[paper-1.18.1.jar:git-Paper-197]
	at org.bukkit.craftbukkit.v1_18_R1.scheduler.CraftScheduler.mainThreadHeartbeat(CraftScheduler.java:483) ~[paper-1.18.1.jar:git-Paper-197]
	at net.minecraft.server.MinecraftServer.tickChildren(MinecraftServer.java:1547) ~[paper-1.18.1.jar:git-Paper-197]
	at net.minecraft.server.dedicated.DedicatedServer.tickChildren(DedicatedServer.java:480) ~[paper-1.18.1.jar:git-Paper-197]
	at net.minecraft.server.MinecraftServer.tickServer(MinecraftServer.java:1470) ~[paper-1.18.1.jar:git-Paper-197]
	at net.minecraft.server.MinecraftServer.runServer(MinecraftServer.java:1264) ~[paper-1.18.1.jar:git-Paper-197]
	at net.minecraft.server.MinecraftServer.lambda$spin$0(MinecraftServer.java:317) ~[paper-1.18.1.jar:git-Paper-197]
	at java.lang.Thread.run(Thread.java:833) ~[?:?]
[17:15:41] [Craft Scheduler Thread - 96 - QuickShop/INFO]: [QuickShop] Failed to check for an update on build server! It might be an internet issue or the build server host is down. If you want disable the update checker, you can disable in config.yml, but we still high-recommend check for updates on SpigotMC.org often, Error: Did not get expected response code, got 404 for https://ci.codemc.io/job/Ghost-chu/job/QuickShop-Reremake/lastSuccessfulBuild/artifact/target/BUILDINFO
[17:15:45] [Server thread/INFO]: CONSOLE issued server command: /give nate_4000 cookie 1
[17:15:45] [Server thread/INFO]: Giving 1 of cookie to nate_4000.
[17:15:52] [Server thread/INFO]: nate_4000 issued server command: /k admin bypass
[17:15:58] [Server thread/INFO]: nate_4000 issued server command: /title @s clear
[17:15:58] [Server thread/INFO]: [nate_4000: Cleared titles for nate_4000]
[17:16:16] [Server thread/INFO]: nate_4000 issued server command: /gamemode spectator
[17:16:18] [Server thread/INFO]: nate_4000 issued server command: /gamemode creative
[17:16:22] [Server thread/WARN]: nate_4000 moved too quickly! -3.7142563138049383,11.997822685865799,2.690157539469766
[17:16:39] [Server thread/INFO]: nate_4000 lost connection: Disconnected
[17:16:39] [Server thread/ERROR]: Could not pass event DiscordMessageEvent to EssentialsDiscord v2.19.2
java.util.concurrent.RejectedExecutionException: The Requester has been stopped! No new requests can be requested!
	at net.essentialsx.dep.net.dv8tion.jda.internal.requests.Requester.request(Requester.java:107) ~[EssentialsXDiscord-2.19.2.jar:?]
	at net.essentialsx.dep.net.dv8tion.jda.internal.requests.RestActionImpl.queue(RestActionImpl.java:197) ~[EssentialsXDiscord-2.19.2.jar:?]
	at net.essentialsx.dep.net.dv8tion.jda.api.requests.RestAction.queue(RestAction.java:573) ~[EssentialsXDiscord-2.19.2.jar:?]
	at net.essentialsx.dep.net.dv8tion.jda.api.requests.RestAction.queue(RestAction.java:539) ~[EssentialsXDiscord-2.19.2.jar:?]
	at net.essentialsx.discord.JDADiscordService.sendMessage(JDADiscordService.java:146) ~[EssentialsXDiscord-2.19.2.jar:?]
	at net.essentialsx.discord.listeners.BukkitListener.onDiscordMessage(BukkitListener.java:47) ~[EssentialsXDiscord-2.19.2.jar:?]
	at com.destroystokyo.paper.event.executor.asm.generated.GeneratedEventExecutor377.execute(Unknown Source) ~[?:?]
	at org.bukkit.plugin.EventExecutor.lambda$create$1(EventExecutor.java:75) ~[paper-api-1.18.1-R0.1-SNAPSHOT.jar:?]
	at co.aikar.timings.TimedEventExecutor.execute(TimedEventExecutor.java:80) ~[paper-api-1.18.1-R0.1-SNAPSHOT.jar:git-Paper-197]
	at org.bukkit.plugin.RegisteredListener.callEvent(RegisteredListener.java:70) ~[paper-api-1.18.1-R0.1-SNAPSHOT.jar:?]
	at org.bukkit.plugin.SimplePluginManager.callEvent(SimplePluginManager.java:629) ~[paper-api-1.18.1-R0.1-SNAPSHOT.jar:?]
	at net.essentialsx.discord.util.DiscordUtil.dispatchDiscordMessage(DiscordUtil.java:216) ~[EssentialsXDiscord-2.19.2.jar:?]
	at net.essentialsx.discord.listeners.BukkitListener.sendDiscordMessage(BukkitListener.java:263) ~[EssentialsXDiscord-2.19.2.jar:?]
	at net.essentialsx.discord.listeners.BukkitListener.sendJoinQuitMessage(BukkitListener.java:134) ~[EssentialsXDiscord-2.19.2.jar:?]
	at net.essentialsx.discord.listeners.BukkitListener.onQuit(BukkitListener.java:109) ~[EssentialsXDiscord-2.19.2.jar:?]
	at com.destroystokyo.paper.event.executor.asm.generated.GeneratedEventExecutor373.execute(Unknown Source) ~[?:?]
	at org.bukkit.plugin.EventExecutor.lambda$create$1(EventExecutor.java:75) ~[paper-api-1.18.1-R0.1-SNAPSHOT.jar:?]
	at co.aikar.timings.TimedEventExecutor.execute(TimedEventExecutor.java:80) ~[paper-api-1.18.1-R0.1-SNAPSHOT.jar:git-Paper-197]
	at org.bukkit.plugin.RegisteredListener.callEvent(RegisteredListener.java:70) ~[paper-api-1.18.1-R0.1-SNAPSHOT.jar:?]
	at org.bukkit.plugin.SimplePluginManager.callEvent(SimplePluginManager.java:629) ~[paper-api-1.18.1-R0.1-SNAPSHOT.jar:?]
	at net.minecraft.server.players.PlayerList.remove(PlayerList.java:610) ~[paper-1.18.1.jar:git-Paper-197]
	at net.minecraft.server.players.PlayerList.remove(PlayerList.java:595) ~[paper-1.18.1.jar:git-Paper-197]
	at net.minecraft.server.network.ServerGamePacketListenerImpl.onDisconnect(ServerGamePacketListenerImpl.java:1992) ~[?:?]
	at net.minecraft.server.network.ServerGamePacketListenerImpl.onDisconnect(ServerGamePacketListenerImpl.java:1972) ~[?:?]
	at net.minecraft.network.Connection.handleDisconnection(Connection.java:714) ~[?:?]
	at net.minecraft.server.network.ServerConnectionListener.tick(ServerConnectionListener.java:221) ~[?:?]
	at net.minecraft.server.MinecraftServer.tickChildren(MinecraftServer.java:1636) ~[paper-1.18.1.jar:git-Paper-197]
	at net.minecraft.server.dedicated.DedicatedServer.tickChildren(DedicatedServer.java:480) ~[paper-1.18.1.jar:git-Paper-197]
	at net.minecraft.server.MinecraftServer.tickServer(MinecraftServer.java:1470) ~[paper-1.18.1.jar:git-Paper-197]
	at net.minecraft.server.MinecraftServer.runServer(MinecraftServer.java:1264) ~[paper-1.18.1.jar:git-Paper-197]
	at net.minecraft.server.MinecraftServer.lambda$spin$0(MinecraftServer.java:317) ~[paper-1.18.1.jar:git-Paper-197]
	at java.lang.Thread.run(Thread.java:833) ~[?:?]
[17:16:39] [Server thread/INFO]: nate_4000 left the game
[17:16:39] [Craft Scheduler Thread - 103 - QuickShop/INFO]: [QuickShop] Failed to check for an update on build server! It might be an internet issue or the build server host is down. If you want disable the update checker, you can disable in config.yml, but we still high-recommend check for updates on SpigotMC.org often, Error: Did not get expected response code, got 404 for https://ci.codemc.io/job/Ghost-chu/job/QuickShop-Reremake/lastSuccessfulBuild/artifact/target/BUILDINFO
[17:16:58] [Server thread/INFO]: thebluehuntsman issued server command: /gamemode spectator
[17:17:06] [Server thread/INFO]: thebluehuntsman issued server command: /gamemode creative
[17:17:20] [User Authenticator #9/INFO]: UUID of player Onyxistent is 646bef0b-b92c-4960-91c0-01978ff53c6b
[17:17:20] [Server thread/INFO]: Onyxistent joined the game
[17:17:20] [Server thread/INFO]: Onyxistent[/68.4.206.156:62323] logged in with entity id 34465 at ([Smorgasbord]1265.3325239735677, 13.0, -5.912802398492304)
[17:17:20] [Server thread/ERROR]: Could not pass event DiscordMessageEvent to EssentialsDiscord v2.19.2
java.util.concurrent.RejectedExecutionException: The Requester has been stopped! No new requests can be requested!
	at net.essentialsx.dep.net.dv8tion.jda.internal.requests.Requester.request(Requester.java:107) ~[EssentialsXDiscord-2.19.2.jar:?]
	at net.essentialsx.dep.net.dv8tion.jda.internal.requests.RestActionImpl.queue(RestActionImpl.java:197) ~[EssentialsXDiscord-2.19.2.jar:?]
	at net.essentialsx.dep.net.dv8tion.jda.api.requests.RestAction.queue(RestAction.java:573) ~[EssentialsXDiscord-2.19.2.jar:?]
	at net.essentialsx.dep.net.dv8tion.jda.api.requests.RestAction.queue(RestAction.java:539) ~[EssentialsXDiscord-2.19.2.jar:?]
	at net.essentialsx.discord.JDADiscordService.sendMessage(JDADiscordService.java:146) ~[EssentialsXDiscord-2.19.2.jar:?]
	at net.essentialsx.discord.listeners.BukkitListener.onDiscordMessage(BukkitListener.java:47) ~[EssentialsXDiscord-2.19.2.jar:?]
	at com.destroystokyo.paper.event.executor.asm.generated.GeneratedEventExecutor377.execute(Unknown Source) ~[?:?]
	at org.bukkit.plugin.EventExecutor.lambda$create$1(EventExecutor.java:75) ~[paper-api-1.18.1-R0.1-SNAPSHOT.jar:?]
	at co.aikar.timings.TimedEventExecutor.execute(TimedEventExecutor.java:80) ~[paper-api-1.18.1-R0.1-SNAPSHOT.jar:git-Paper-197]
	at org.bukkit.plugin.RegisteredListener.callEvent(RegisteredListener.java:70) ~[paper-api-1.18.1-R0.1-SNAPSHOT.jar:?]
	at org.bukkit.plugin.SimplePluginManager.callEvent(SimplePluginManager.java:629) ~[paper-api-1.18.1-R0.1-SNAPSHOT.jar:?]
	at net.essentialsx.discord.util.DiscordUtil.lambda$dispatchDiscordMessage$3(DiscordUtil.java:218) ~[EssentialsXDiscord-2.19.2.jar:?]
	at org.bukkit.craftbukkit.v1_18_R1.scheduler.CraftTask.run(CraftTask.java:101) ~[paper-1.18.1.jar:git-Paper-197]
	at org.bukkit.craftbukkit.v1_18_R1.scheduler.CraftScheduler.mainThreadHeartbeat(CraftScheduler.java:483) ~[paper-1.18.1.jar:git-Paper-197]
	at net.minecraft.server.MinecraftServer.tickChildren(MinecraftServer.java:1547) ~[paper-1.18.1.jar:git-Paper-197]
	at net.minecraft.server.dedicated.DedicatedServer.tickChildren(DedicatedServer.java:480) ~[paper-1.18.1.jar:git-Paper-197]
	at net.minecraft.server.MinecraftServer.tickServer(MinecraftServer.java:1470) ~[paper-1.18.1.jar:git-Paper-197]
	at net.minecraft.server.MinecraftServer.runServer(MinecraftServer.java:1264) ~[paper-1.18.1.jar:git-Paper-197]
	at net.minecraft.server.MinecraftServer.lambda$spin$0(MinecraftServer.java:317) ~[paper-1.18.1.jar:git-Paper-197]
	at java.lang.Thread.run(Thread.java:833) ~[?:?]
[17:17:21] [Craft Scheduler Thread - 104 - QuickShop/INFO]: [QuickShop] Failed to check for an update on build server! It might be an internet issue or the build server host is down. If you want disable the update checker, you can disable in config.yml, but we still high-recommend check for updates on SpigotMC.org often, Error: Did not get expected response code, got 404 for https://ci.codemc.io/job/Ghost-chu/job/QuickShop-Reremake/lastSuccessfulBuild/artifact/target/BUILDINFO
[17:17:25] [Server thread/INFO]: CONSOLE issued server command: /give Onyxistent cookie 1
[17:17:25] [Server thread/INFO]: Giving 1 of cookie to Onyxistent.
[17:20:57] [Server thread/INFO]: thebluehuntsman issued server command: /k admin claim radius 5
[17:21:04] [Async Chat Thread - #11/INFO]: [Konquest] Barbarians | thebluehuntsman: a
[17:21:41] [Server thread/INFO]: thebluehuntsman issued server command: /k admin bypass
[17:22:08] [Server thread/INFO]: thebluehuntsman issued server command: /k map auto
[17:24:14] [Server thread/INFO]: com.mojang.authlib.GameProfile@ca56d0a[id=<null>,name=MonkeyTamer79,properties={},legacy=false] (/68.4.206.156:51403) lost connection: Disconnected
[17:24:20] [User Authenticator #10/INFO]: UUID of player MonkeyTamer79 is e31f61f0-3640-41b2-81e0-96904e9a9883
[17:24:20] [Server thread/INFO]: MonkeyTamer79 joined the game
[17:24:20] [Server thread/INFO]: MonkeyTamer79[/68.4.206.156:51410] logged in with entity id 35011 at ([Smorgasbord]643.6999999880791, 63.0, 315.5558459316302)
[17:24:20] [Server thread/ERROR]: Could not pass event DiscordMessageEvent to EssentialsDiscord v2.19.2
java.util.concurrent.RejectedExecutionException: The Requester has been stopped! No new requests can be requested!
	at net.essentialsx.dep.net.dv8tion.jda.internal.requests.Requester.request(Requester.java:107) ~[EssentialsXDiscord-2.19.2.jar:?]
	at net.essentialsx.dep.net.dv8tion.jda.internal.requests.RestActionImpl.queue(RestActionImpl.java:197) ~[EssentialsXDiscord-2.19.2.jar:?]
	at net.essentialsx.dep.net.dv8tion.jda.api.requests.RestAction.queue(RestAction.java:573) ~[EssentialsXDiscord-2.19.2.jar:?]
	at net.essentialsx.dep.net.dv8tion.jda.api.requests.RestAction.queue(RestAction.java:539) ~[EssentialsXDiscord-2.19.2.jar:?]
	at net.essentialsx.discord.JDADiscordService.sendMessage(JDADiscordService.java:146) ~[EssentialsXDiscord-2.19.2.jar:?]
	at net.essentialsx.discord.listeners.BukkitListener.onDiscordMessage(BukkitListener.java:47) ~[EssentialsXDiscord-2.19.2.jar:?]
	at com.destroystokyo.paper.event.executor.asm.generated.GeneratedEventExecutor377.execute(Unknown Source) ~[?:?]
	at org.bukkit.plugin.EventExecutor.lambda$create$1(EventExecutor.java:75) ~[paper-api-1.18.1-R0.1-SNAPSHOT.jar:?]
	at co.aikar.timings.TimedEventExecutor.execute(TimedEventExecutor.java:80) ~[paper-api-1.18.1-R0.1-SNAPSHOT.jar:git-Paper-197]
	at org.bukkit.plugin.RegisteredListener.callEvent(RegisteredListener.java:70) ~[paper-api-1.18.1-R0.1-SNAPSHOT.jar:?]
	at org.bukkit.plugin.SimplePluginManager.callEvent(SimplePluginManager.java:629) ~[paper-api-1.18.1-R0.1-SNAPSHOT.jar:?]
	at net.essentialsx.discord.util.DiscordUtil.lambda$dispatchDiscordMessage$3(DiscordUtil.java:218) ~[EssentialsXDiscord-2.19.2.jar:?]
	at org.bukkit.craftbukkit.v1_18_R1.scheduler.CraftTask.run(CraftTask.java:101) ~[paper-1.18.1.jar:git-Paper-197]
	at org.bukkit.craftbukkit.v1_18_R1.scheduler.CraftScheduler.mainThreadHeartbeat(CraftScheduler.java:483) ~[paper-1.18.1.jar:git-Paper-197]
	at net.minecraft.server.MinecraftServer.tickChildren(MinecraftServer.java:1547) ~[paper-1.18.1.jar:git-Paper-197]
	at net.minecraft.server.dedicated.DedicatedServer.tickChildren(DedicatedServer.java:480) ~[paper-1.18.1.jar:git-Paper-197]
	at net.minecraft.server.MinecraftServer.tickServer(MinecraftServer.java:1470) ~[paper-1.18.1.jar:git-Paper-197]
	at net.minecraft.server.MinecraftServer.runServer(MinecraftServer.java:1264) ~[paper-1.18.1.jar:git-Paper-197]
	at net.minecraft.server.MinecraftServer.lambda$spin$0(MinecraftServer.java:317) ~[paper-1.18.1.jar:git-Paper-197]
	at java.lang.Thread.run(Thread.java:833) ~[?:?]
[17:24:20] [Craft Scheduler Thread - 103 - QuickShop/INFO]: [QuickShop] Failed to check for an update on build server! It might be an internet issue or the build server host is down. If you want disable the update checker, you can disable in config.yml, but we still high-recommend check for updates on SpigotMC.org often, Error: Did not get expected response code, got 404 for https://ci.codemc.io/job/Ghost-chu/job/QuickShop-Reremake/lastSuccessfulBuild/artifact/target/BUILDINFO
[17:24:25] [Server thread/INFO]: CONSOLE issued server command: /give MonkeyTamer79 cookie 1
[17:24:25] [Server thread/INFO]: Giving 1 of cookie to MonkeyTamer79.
[17:25:03] [Server thread/INFO]: MonkeyTamer79 issued server command: /k travel FarFarAway
[17:26:22] [Server thread/INFO]: MonkeyTamer79 issued server command: /k travel OhEeeOhEeeOh
[17:26:30] [Server thread/WARN]: MonkeyTamer79 moved too quickly! 0.1622625674349365,9.93876327695979,-1.6230515256529543
[17:26:59] [Server thread/INFO]: MonkeyTamer79 issued server command: /k travel capital
[17:28:41] [Server thread/INFO]: thebluehuntsman issued server command: /k admin makekingdom GnoKloo
[17:29:31] [Server thread/INFO]: thebluehuntsman issued server command: /k admin claim radius 5
[17:30:00] [Server thread/INFO]: Saving the game (this may take a moment!)
[17:30:00] [Server thread/INFO]: Saved the game
[17:30:24] [Server thread/INFO]: thebluehuntsman issued server command: /k admin claim radius 1
[17:30:29] [Server thread/INFO]: thebluehuntsman issued server command: /k admin claim radius 1
[17:30:35] [Server thread/INFO]: thebluehuntsman issued server command: /k admin claim radius 2
[17:30:51] [Server thread/INFO]: thebluehuntsman issued server command: /k admin claim radius 2
